2023-05-25 18:07:10.842  INFO 4636 --- [main] c.y.punch.service.StudentServiceTest     : Starting StudentServiceTest on Kickflip with PID 4636 (started by 30652 in D:\Project\punch)
2023-05-25 18:07:10.847 DEBUG 4636 --- [main] c.y.punch.service.StudentServiceTest     : Running with Spring Boot v2.1.9.RELEASE, Spring v5.1.10.RELEASE
2023-05-25 18:07:10.847  INFO 4636 --- [main] c.y.punch.service.StudentServiceTest     : No active profile set, falling back to default profiles: default
2023-05-25 18:07:12.384  INFO 4636 --- [main] .s.d.r.c.RepositoryConfigurationDelegate : Multiple Spring Data modules found, entering strict repository configuration mode!
2023-05-25 18:07:12.386  INFO 4636 --- [main] .s.d.r.c.RepositoryConfigurationDelegate : Bootstrapping Spring Data repositories in DEFAULT mode.
2023-05-25 18:07:12.424  INFO 4636 --- [main] .s.d.r.c.RepositoryConfigurationDelegate : Finished Spring Data repository scanning in 32ms. Found 0 repository interfaces.
2023-05-25 18:07:12.441  INFO 4636 --- [main] .s.d.r.c.RepositoryConfigurationDelegate : Multiple Spring Data modules found, entering strict repository configuration mode!
2023-05-25 18:07:12.442  INFO 4636 --- [main] .s.d.r.c.RepositoryConfigurationDelegate : Bootstrapping Spring Data repositories in DEFAULT mode.
2023-05-25 18:07:12.460  INFO 4636 --- [main] .s.d.r.c.RepositoryConfigurationDelegate : Finished Spring Data repository scanning in 8ms. Found 0 repository interfaces.
2023-05-25 18:07:13.009  INFO 4636 --- [main] trationDelegate$BeanPostProcessorChecker : Bean 'org.springframework.transaction.annotation.ProxyTransactionManagementConfiguration' of type [org.springframework.transaction.annotation.ProxyTransactionManagementConfiguration$$EnhancerBySpringCGLIB$$4a3fd142] is not eligible for getting processed by all BeanPostProcessors (for example: not eligible for auto-proxying)
2023-05-25 18:07:13.165  INFO 4636 --- [main] trationDelegate$BeanPostProcessorChecker : Bean 'org.springframework.security.config.annotation.configuration.ObjectPostProcessorConfiguration' of type [org.springframework.security.config.annotation.configuration.ObjectPostProcessorConfiguration$$EnhancerBySpringCGLIB$$e2ed997c] is not eligible for getting processed by all BeanPostProcessors (for example: not eligible for auto-proxying)
2023-05-25 18:07:13.175  INFO 4636 --- [main] trationDelegate$BeanPostProcessorChecker : Bean 'objectPostProcessor' of type [org.springframework.security.config.annotation.configuration.AutowireBeanFactoryObjectPostProcessor] is not eligible for getting processed by all BeanPostProcessors (for example: not eligible for auto-proxying)
2023-05-25 18:07:13.179  INFO 4636 --- [main] trationDelegate$BeanPostProcessorChecker : Bean 'org.springframework.security.access.expression.method.DefaultMethodSecurityExpressionHandler@42383cb0' of type [org.springframework.security.access.expression.method.DefaultMethodSecurityExpressionHandler] is not eligible for getting processed by all BeanPostProcessors (for example: not eligible for auto-proxying)
2023-05-25 18:07:13.184  INFO 4636 --- [main] trationDelegate$BeanPostProcessorChecker : Bean 'org.springframework.security.config.annotation.method.configuration.GlobalMethodSecurityConfiguration' of type [org.springframework.security.config.annotation.method.configuration.GlobalMethodSecurityConfiguration$$EnhancerBySpringCGLIB$$7c23c2e] is not eligible for getting processed by all BeanPostProcessors (for example: not eligible for auto-proxying)
2023-05-25 18:07:13.196  INFO 4636 --- [main] trationDelegate$BeanPostProcessorChecker : Bean 'methodSecurityMetadataSource' of type [org.springframework.security.access.method.DelegatingMethodSecurityMetadataSource] is not eligible for getting processed by all BeanPostProcessors (for example: not eligible for auto-proxying)
2023-05-25 18:07:15.996  INFO 4636 --- [main] o.s.s.concurrent.ThreadPoolTaskExecutor  : Initializing ExecutorService 'applicationTaskExecutor'
2023-05-25 18:07:18.472  INFO 4636 --- [main] o.s.s.web.DefaultSecurityFilterChain     : Creating filter chain: any request, [org.springframework.security.web.context.request.async.WebAsyncManagerIntegrationFilter@9d3a7a1, org.springframework.security.web.context.SecurityContextPersistenceFilter@48692405, org.springframework.security.web.header.HeaderWriterFilter@4f8900b0, org.springframework.security.web.authentication.logout.LogoutFilter@795faad, com.yrmjhtdjxh.punch.security.JwtAuthenticationTokenFilter@1c411474, org.springframework.security.web.savedrequest.RequestCacheAwareFilter@13cf5f8a, org.springframework.security.web.servletapi.SecurityContextHolderAwareRequestFilter@57b33c29, org.springframework.security.web.authentication.AnonymousAuthenticationFilter@5e681097, org.springframework.security.web.session.SessionManagementFilter@4f525e13, org.springframework.security.web.access.ExceptionTranslationFilter@42edde25, org.springframework.security.web.access.intercept.FilterSecurityInterceptor@3c8fe8ad]
2023-05-25 18:07:19.157  INFO 4636 --- [main] c.y.punch.service.StudentServiceTest     : Started StudentServiceTest in 8.94 seconds (JVM running for 10.524)
2023-05-25 18:07:24.292  INFO 4636 --- [main] com.alibaba.druid.pool.DruidDataSource   : {dataSource-1} inited
2023-05-25 18:07:24.406 DEBUG 4636 --- [main] c.y.p.m.StudentMapper.findStudentByID    : ==>  Preparing: SELECT student_role.user_role as userRole,id, studentID, password, name, sex, grade, photo, avatar, createTime, isPunch FROM students INNER JOIN student_role ON student_role.user_id = students.studentID WHERE studentID = ? 
2023-05-25 18:07:24.534 DEBUG 4636 --- [main] c.y.p.m.StudentMapper.findStudentByID    : ==> Parameters: 202131090241(Long)
2023-05-25 18:07:24.600 DEBUG 4636 --- [main] c.y.p.m.StudentMapper.findStudentByID    : <==      Total: 0
2023-05-25 18:07:24.667 DEBUG 4636 --- [main] c.y.punch.mapper.StudentMapper.insert    : ==>  Preparing: INSERT INTO students(id, studentID, password, name, sex, grade, photo, avatar, createTime, isPunch) VALUES (?, ?, ?, ?, ?, ?, ?, ?, ?, ?) 
2023-05-25 18:07:24.673 DEBUG 4636 --- [main] c.y.punch.mapper.StudentMapper.insert    : ==> Parameters: 0(Integer), 202131090241(Long), $2a$10$EDS5A07ZFuMFgpL.JEX8IeWhQTnHR0mutryRDEXQoNRwZPeeYAC/G(String), 巩瀚林(String), 1(Integer), 2021(Integer), null, https://tenapi.cn/qqimg?qq=1662648150(String), 2023-05-25 18:07:24.602(Timestamp), false(Boolean)
2023-05-25 18:07:24.775 DEBUG 4636 --- [main] c.y.punch.mapper.StudentMapper.insert    : <==    Updates: 1
2023-05-25 18:07:24.777 DEBUG 4636 --- [main] c.y.p.mapper.StudentRoleMapper.insert    : ==>  Preparing: insert into student_role(user_id, user_role) values (?,?) 
2023-05-25 18:07:24.778 DEBUG 4636 --- [main] c.y.p.mapper.StudentRoleMapper.insert    : ==> Parameters: 202131090241(Long), 3(Integer)
2023-05-25 18:07:24.876 ERROR 4636 --- [main] druid.sql.Statement                      : {conn-10010, pstmt-20002} execute error. insert into student_role(user_id, user_role) values (?,?)

java.sql.SQLIntegrityConstraintViolationException: Duplicate entry '202131090241' for key 'student_role.PRIMARY'
	at com.mysql.cj.jdbc.exceptions.SQLError.createSQLException(SQLError.java:117)
	at com.mysql.cj.jdbc.exceptions.SQLError.createSQLException(SQLError.java:97)
	at com.mysql.cj.jdbc.exceptions.SQLExceptionsMapping.translateException(SQLExceptionsMapping.java:122)
	at com.mysql.cj.jdbc.ClientPreparedStatement.executeInternal(ClientPreparedStatement.java:953)
	at com.mysql.cj.jdbc.ClientPreparedStatement.execute(ClientPreparedStatement.java:370)
	at com.alibaba.druid.filter.FilterChainImpl.preparedStatement_execute(FilterChainImpl.java:3051)
	at com.alibaba.druid.filter.FilterEventAdapter.preparedStatement_execute(FilterEventAdapter.java:440)
	at com.alibaba.druid.filter.FilterChainImpl.preparedStatement_execute(FilterChainImpl.java:3049)
	at com.alibaba.druid.wall.WallFilter.preparedStatement_execute(WallFilter.java:619)
	at com.alibaba.druid.filter.FilterChainImpl.preparedStatement_execute(FilterChainImpl.java:3049)
	at com.alibaba.druid.filter.FilterEventAdapter.preparedStatement_execute(FilterEventAdapter.java:440)
	at com.alibaba.druid.filter.FilterChainImpl.preparedStatement_execute(FilterChainImpl.java:3049)
	at com.alibaba.druid.proxy.jdbc.PreparedStatementProxyImpl.execute(PreparedStatementProxyImpl.java:168)
	at com.alibaba.druid.pool.DruidPooledPreparedStatement.execute(DruidPooledPreparedStatement.java:494)
	at sun.reflect.NativeMethodAccessorImpl.invoke0(Native Method)
	at sun.reflect.NativeMethodAccessorImpl.invoke(NativeMethodAccessorImpl.java:62)
	at sun.reflect.DelegatingMethodAccessorImpl.invoke(DelegatingMethodAccessorImpl.java:43)
	at java.lang.reflect.Method.invoke(Method.java:498)
	at org.apache.ibatis.logging.jdbc.PreparedStatementLogger.invoke(PreparedStatementLogger.java:59)
	at com.sun.proxy.$Proxy171.execute(Unknown Source)
	at org.apache.ibatis.executor.statement.PreparedStatementHandler.update(PreparedStatementHandler.java:47)
	at org.apache.ibatis.executor.statement.RoutingStatementHandler.update(RoutingStatementHandler.java:74)
	at org.apache.ibatis.executor.SimpleExecutor.doUpdate(SimpleExecutor.java:50)
	at org.apache.ibatis.executor.BaseExecutor.update(BaseExecutor.java:117)
	at org.apache.ibatis.executor.CachingExecutor.update(CachingExecutor.java:76)
	at org.apache.ibatis.session.defaults.DefaultSqlSession.update(DefaultSqlSession.java:197)
	at org.apache.ibatis.session.defaults.DefaultSqlSession.insert(DefaultSqlSession.java:184)
	at sun.reflect.NativeMethodAccessorImpl.invoke0(Native Method)
	at sun.reflect.NativeMethodAccessorImpl.invoke(NativeMethodAccessorImpl.java:62)
	at sun.reflect.DelegatingMethodAccessorImpl.invoke(DelegatingMethodAccessorImpl.java:43)
	at java.lang.reflect.Method.invoke(Method.java:498)
	at org.mybatis.spring.SqlSessionTemplate$SqlSessionInterceptor.invoke(SqlSessionTemplate.java:426)
	at com.sun.proxy.$Proxy108.insert(Unknown Source)
	at org.mybatis.spring.SqlSessionTemplate.insert(SqlSessionTemplate.java:271)
	at org.apache.ibatis.binding.MapperMethod.execute(MapperMethod.java:62)
	at org.apache.ibatis.binding.MapperProxy.invoke(MapperProxy.java:57)
	at com.sun.proxy.$Proxy111.insert(Unknown Source)
	at sun.reflect.NativeMethodAccessorImpl.invoke0(Native Method)
	at sun.reflect.NativeMethodAccessorImpl.invoke(NativeMethodAccessorImpl.java:62)
	at sun.reflect.DelegatingMethodAccessorImpl.invoke(DelegatingMethodAccessorImpl.java:43)
	at java.lang.reflect.Method.invoke(Method.java:498)
	at org.springframework.aop.support.AopUtils.invokeJoinpointUsingReflection(AopUtils.java:343)
	at org.springframework.aop.framework.ReflectiveMethodInvocation.invokeJoinpoint(ReflectiveMethodInvocation.java:198)
	at org.springframework.aop.framework.ReflectiveMethodInvocation.proceed(ReflectiveMethodInvocation.java:163)
	at org.springframework.dao.support.PersistenceExceptionTranslationInterceptor.invoke(PersistenceExceptionTranslationInterceptor.java:139)
	at org.springframework.aop.framework.ReflectiveMethodInvocation.proceed(ReflectiveMethodInvocation.java:186)
	at org.springframework.aop.framework.JdkDynamicAopProxy.invoke(JdkDynamicAopProxy.java:212)
	at com.sun.proxy.$Proxy112.insert(Unknown Source)
	at com.yrmjhtdjxh.punch.service.Impl.StudentServiceImpl.addStudent(StudentServiceImpl.java:257)
	at com.yrmjhtdjxh.punch.service.Impl.StudentServiceImpl$$FastClassBySpringCGLIB$$9b154126.invoke(<generated>)
	at org.springframework.cglib.proxy.MethodProxy.invoke(MethodProxy.java:218)
	at org.springframework.aop.framework.CglibAopProxy$CglibMethodInvocation.invokeJoinpoint(CglibAopProxy.java:750)
	at org.springframework.aop.framework.ReflectiveMethodInvocation.proceed(ReflectiveMethodInvocation.java:163)
	at org.springframework.transaction.interceptor.TransactionAspectSupport.invokeWithinTransaction(TransactionAspectSupport.java:295)
	at org.springframework.transaction.interceptor.TransactionInterceptor.invoke(TransactionInterceptor.java:98)
	at org.springframework.aop.framework.ReflectiveMethodInvocation.proceed(ReflectiveMethodInvocation.java:186)
	at org.springframework.aop.framework.CglibAopProxy$DynamicAdvisedInterceptor.intercept(CglibAopProxy.java:689)
	at com.yrmjhtdjxh.punch.service.Impl.StudentServiceImpl$$EnhancerBySpringCGLIB$$cc898ee1.addStudent(<generated>)
	at com.yrmjhtdjxh.punch.service.StudentServiceTest.addStudentTest(StudentServiceTest.java:24)
	at sun.reflect.NativeMethodAccessorImpl.invoke0(Native Method)
	at sun.reflect.NativeMethodAccessorImpl.invoke(NativeMethodAccessorImpl.java:62)
	at sun.reflect.DelegatingMethodAccessorImpl.invoke(DelegatingMethodAccessorImpl.java:43)
	at java.lang.reflect.Method.invoke(Method.java:498)
	at org.junit.runners.model.FrameworkMethod$1.runReflectiveCall(FrameworkMethod.java:50)
	at org.junit.internal.runners.model.ReflectiveCallable.run(ReflectiveCallable.java:12)
	at org.junit.runners.model.FrameworkMethod.invokeExplosively(FrameworkMethod.java:47)
	at org.junit.internal.runners.statements.InvokeMethod.evaluate(InvokeMethod.java:17)
	at org.springframework.test.context.junit4.statements.RunBeforeTestExecutionCallbacks.evaluate(RunBeforeTestExecutionCallbacks.java:74)
	at org.springframework.test.context.junit4.statements.RunAfterTestExecutionCallbacks.evaluate(RunAfterTestExecutionCallbacks.java:84)
	at org.springframework.test.context.junit4.statements.RunBeforeTestMethodCallbacks.evaluate(RunBeforeTestMethodCallbacks.java:75)
	at org.springframework.test.context.junit4.statements.RunAfterTestMethodCallbacks.evaluate(RunAfterTestMethodCallbacks.java:86)
	at org.springframework.test.context.junit4.statements.SpringRepeat.evaluate(SpringRepeat.java:84)
	at org.junit.runners.ParentRunner.runLeaf(ParentRunner.java:325)
	at org.springframework.test.context.junit4.SpringJUnit4ClassRunner.runChild(SpringJUnit4ClassRunner.java:251)
	at org.springframework.test.context.junit4.SpringJUnit4ClassRunner.runChild(SpringJUnit4ClassRunner.java:97)
	at org.junit.runners.ParentRunner$3.run(ParentRunner.java:290)
	at org.junit.runners.ParentRunner$1.schedule(ParentRunner.java:71)
	at org.junit.runners.ParentRunner.runChildren(ParentRunner.java:288)
	at org.junit.runners.ParentRunner.access$000(ParentRunner.java:58)
	at org.junit.runners.ParentRunner$2.evaluate(ParentRunner.java:268)
	at org.springframework.test.context.junit4.statements.RunBeforeTestClassCallbacks.evaluate(RunBeforeTestClassCallbacks.java:61)
	at org.springframework.test.context.junit4.statements.RunAfterTestClassCallbacks.evaluate(RunAfterTestClassCallbacks.java:70)
	at org.junit.runners.ParentRunner.run(ParentRunner.java:363)
	at org.springframework.test.context.junit4.SpringJUnit4ClassRunner.run(SpringJUnit4ClassRunner.java:190)
	at org.junit.runner.JUnitCore.run(JUnitCore.java:137)
	at com.intellij.junit4.JUnit4IdeaTestRunner.startRunnerWithArgs(JUnit4IdeaTestRunner.java:69)
	at com.intellij.rt.junit.IdeaTestRunner$Repeater$1.execute(IdeaTestRunner.java:38)
	at com.intellij.rt.execution.junit.TestsRepeater.repeat(TestsRepeater.java:11)
	at com.intellij.rt.junit.IdeaTestRunner$Repeater.startRunnerWithArgs(IdeaTestRunner.java:35)
	at com.intellij.rt.junit.JUnitStarter.prepareStreamsAndStart(JUnitStarter.java:232)
	at com.intellij.rt.junit.JUnitStarter.main(JUnitStarter.java:55)

2023-05-25 18:07:25.129  INFO 4636 --- [Thread-3] o.s.s.concurrent.ThreadPoolTaskExecutor  : Shutting down ExecutorService 'applicationTaskExecutor'
2023-05-25 18:07:25.142  INFO 4636 --- [Thread-3] com.alibaba.druid.pool.DruidDataSource   : {dataSource-1} closed
2023-05-25 18:08:56.504  INFO 11052 --- [main] c.y.punch.service.StudentServiceTest     : Starting StudentServiceTest on Kickflip with PID 11052 (started by 30652 in D:\Project\punch)
2023-05-25 18:08:56.504 DEBUG 11052 --- [main] c.y.punch.service.StudentServiceTest     : Running with Spring Boot v2.1.9.RELEASE, Spring v5.1.10.RELEASE
2023-05-25 18:08:56.505  INFO 11052 --- [main] c.y.punch.service.StudentServiceTest     : No active profile set, falling back to default profiles: default
2023-05-25 18:08:57.413  INFO 11052 --- [main] .s.d.r.c.RepositoryConfigurationDelegate : Multiple Spring Data modules found, entering strict repository configuration mode!
2023-05-25 18:08:57.414  INFO 11052 --- [main] .s.d.r.c.RepositoryConfigurationDelegate : Bootstrapping Spring Data repositories in DEFAULT mode.
2023-05-25 18:08:57.440  INFO 11052 --- [main] .s.d.r.c.RepositoryConfigurationDelegate : Finished Spring Data repository scanning in 22ms. Found 0 repository interfaces.
2023-05-25 18:08:57.448  INFO 11052 --- [main] .s.d.r.c.RepositoryConfigurationDelegate : Multiple Spring Data modules found, entering strict repository configuration mode!
2023-05-25 18:08:57.449  INFO 11052 --- [main] .s.d.r.c.RepositoryConfigurationDelegate : Bootstrapping Spring Data repositories in DEFAULT mode.
2023-05-25 18:08:57.460  INFO 11052 --- [main] .s.d.r.c.RepositoryConfigurationDelegate : Finished Spring Data repository scanning in 6ms. Found 0 repository interfaces.
2023-05-25 18:08:57.896  INFO 11052 --- [main] trationDelegate$BeanPostProcessorChecker : Bean 'org.springframework.transaction.annotation.ProxyTransactionManagementConfiguration' of type [org.springframework.transaction.annotation.ProxyTransactionManagementConfiguration$$EnhancerBySpringCGLIB$$a47c71c0] is not eligible for getting processed by all BeanPostProcessors (for example: not eligible for auto-proxying)
2023-05-25 18:08:58.015  INFO 11052 --- [main] trationDelegate$BeanPostProcessorChecker : Bean 'org.springframework.security.config.annotation.configuration.ObjectPostProcessorConfiguration' of type [org.springframework.security.config.annotation.configuration.ObjectPostProcessorConfiguration$$EnhancerBySpringCGLIB$$3d2a39fa] is not eligible for getting processed by all BeanPostProcessors (for example: not eligible for auto-proxying)
2023-05-25 18:08:58.022  INFO 11052 --- [main] trationDelegate$BeanPostProcessorChecker : Bean 'objectPostProcessor' of type [org.springframework.security.config.annotation.configuration.AutowireBeanFactoryObjectPostProcessor] is not eligible for getting processed by all BeanPostProcessors (for example: not eligible for auto-proxying)
2023-05-25 18:08:58.026  INFO 11052 --- [main] trationDelegate$BeanPostProcessorChecker : Bean 'org.springframework.security.access.expression.method.DefaultMethodSecurityExpressionHandler@42505474' of type [org.springframework.security.access.expression.method.DefaultMethodSecurityExpressionHandler] is not eligible for getting processed by all BeanPostProcessors (for example: not eligible for auto-proxying)
2023-05-25 18:08:58.031  INFO 11052 --- [main] trationDelegate$BeanPostProcessorChecker : Bean 'org.springframework.security.config.annotation.method.configuration.GlobalMethodSecurityConfiguration' of type [org.springframework.security.config.annotation.method.configuration.GlobalMethodSecurityConfiguration$$EnhancerBySpringCGLIB$$61fedcac] is not eligible for getting processed by all BeanPostProcessors (for example: not eligible for auto-proxying)
2023-05-25 18:08:58.040  INFO 11052 --- [main] trationDelegate$BeanPostProcessorChecker : Bean 'methodSecurityMetadataSource' of type [org.springframework.security.access.method.DelegatingMethodSecurityMetadataSource] is not eligible for getting processed by all BeanPostProcessors (for example: not eligible for auto-proxying)
2023-05-25 18:09:00.715  INFO 11052 --- [main] o.s.s.concurrent.ThreadPoolTaskExecutor  : Initializing ExecutorService 'applicationTaskExecutor'
2023-05-25 18:09:03.142  INFO 11052 --- [main] o.s.s.web.DefaultSecurityFilterChain     : Creating filter chain: any request, [org.springframework.security.web.context.request.async.WebAsyncManagerIntegrationFilter@197d5a87, org.springframework.security.web.context.SecurityContextPersistenceFilter@33e8e146, org.springframework.security.web.header.HeaderWriterFilter@45311a99, org.springframework.security.web.authentication.logout.LogoutFilter@5dd23809, com.yrmjhtdjxh.punch.security.JwtAuthenticationTokenFilter@131d977f, org.springframework.security.web.savedrequest.RequestCacheAwareFilter@48692405, org.springframework.security.web.servletapi.SecurityContextHolderAwareRequestFilter@4fa8297b, org.springframework.security.web.authentication.AnonymousAuthenticationFilter@616f81b5, org.springframework.security.web.session.SessionManagementFilter@6339e604, org.springframework.security.web.access.ExceptionTranslationFilter@7976e536, org.springframework.security.web.access.intercept.FilterSecurityInterceptor@1f75fd1d]
2023-05-25 18:09:03.681  INFO 11052 --- [main] c.y.punch.service.StudentServiceTest     : Started StudentServiceTest in 7.527 seconds (JVM running for 8.467)
2023-05-25 18:09:13.238  INFO 11052 --- [main] com.alibaba.druid.pool.DruidDataSource   : {dataSource-1} inited
2023-05-25 18:09:13.323 DEBUG 11052 --- [main] c.y.p.m.StudentMapper.findStudentByID    : ==>  Preparing: SELECT student_role.user_role as userRole,id, studentID, password, name, sex, grade, photo, avatar, createTime, isPunch FROM students INNER JOIN student_role ON student_role.user_id = students.studentID WHERE studentID = ? 
2023-05-25 18:09:13.454 DEBUG 11052 --- [main] c.y.p.m.StudentMapper.findStudentByID    : ==> Parameters: 202131090241(Long)
2023-05-25 18:09:13.551 DEBUG 11052 --- [main] c.y.p.m.StudentMapper.findStudentByID    : <==      Total: 0
2023-05-25 18:09:13.619 DEBUG 11052 --- [main] c.y.punch.mapper.StudentMapper.insert    : ==>  Preparing: INSERT INTO students(id, studentID, password, name, sex, grade, photo, avatar, createTime, isPunch) VALUES (?, ?, ?, ?, ?, ?, ?, ?, ?, ?) 
2023-05-25 18:09:13.625 DEBUG 11052 --- [main] c.y.punch.mapper.StudentMapper.insert    : ==> Parameters: 0(Integer), 202131090241(Long), $2a$10$fYppZo3LaLLCeZMMG3WqJ.b3ohLMJFwiCeuz0.mZaqvUI2un.JGGW(String), 巩瀚林(String), 1(Integer), 2021(Integer), null, https://tenapi.cn/qqimg?qq=1662648150(String), 2023-05-25 18:09:13.553(Timestamp), false(Boolean)
2023-05-25 18:09:13.748 DEBUG 11052 --- [main] c.y.punch.mapper.StudentMapper.insert    : <==    Updates: 1
2023-05-25 18:09:13.748 DEBUG 11052 --- [main] c.y.p.mapper.StudentRoleMapper.insert    : ==>  Preparing: insert into student_role(user_id, user_role) values (?,?) 
2023-05-25 18:09:13.749 DEBUG 11052 --- [main] c.y.p.mapper.StudentRoleMapper.insert    : ==> Parameters: 202131090241(Long), 3(Integer)
2023-05-25 18:09:13.848 DEBUG 11052 --- [main] c.y.p.mapper.StudentRoleMapper.insert    : <==    Updates: 1
2023-05-25 18:09:14.075  INFO 11052 --- [Thread-3] o.s.s.concurrent.ThreadPoolTaskExecutor  : Shutting down ExecutorService 'applicationTaskExecutor'
2023-05-25 18:09:14.088  INFO 11052 --- [Thread-3] com.alibaba.druid.pool.DruidDataSource   : {dataSource-1} closed
2023-05-25 18:15:26.875  INFO 23444 --- [main] c.y.punch.service.StudentServiceTest     : Starting StudentServiceTest on Kickflip with PID 23444 (started by 30652 in D:\Project\punch)
2023-05-25 18:15:26.876 DEBUG 23444 --- [main] c.y.punch.service.StudentServiceTest     : Running with Spring Boot v2.1.9.RELEASE, Spring v5.1.10.RELEASE
2023-05-25 18:15:26.876  INFO 23444 --- [main] c.y.punch.service.StudentServiceTest     : No active profile set, falling back to default profiles: default
2023-05-25 18:15:27.813  INFO 23444 --- [main] .s.d.r.c.RepositoryConfigurationDelegate : Multiple Spring Data modules found, entering strict repository configuration mode!
2023-05-25 18:15:27.814  INFO 23444 --- [main] .s.d.r.c.RepositoryConfigurationDelegate : Bootstrapping Spring Data repositories in DEFAULT mode.
2023-05-25 18:15:27.839  INFO 23444 --- [main] .s.d.r.c.RepositoryConfigurationDelegate : Finished Spring Data repository scanning in 21ms. Found 0 repository interfaces.
2023-05-25 18:15:27.847  INFO 23444 --- [main] .s.d.r.c.RepositoryConfigurationDelegate : Multiple Spring Data modules found, entering strict repository configuration mode!
2023-05-25 18:15:27.848  INFO 23444 --- [main] .s.d.r.c.RepositoryConfigurationDelegate : Bootstrapping Spring Data repositories in DEFAULT mode.
2023-05-25 18:15:27.859  INFO 23444 --- [main] .s.d.r.c.RepositoryConfigurationDelegate : Finished Spring Data repository scanning in 6ms. Found 0 repository interfaces.
2023-05-25 18:15:28.327  INFO 23444 --- [main] trationDelegate$BeanPostProcessorChecker : Bean 'org.springframework.transaction.annotation.ProxyTransactionManagementConfiguration' of type [org.springframework.transaction.annotation.ProxyTransactionManagementConfiguration$$EnhancerBySpringCGLIB$$a47c71c0] is not eligible for getting processed by all BeanPostProcessors (for example: not eligible for auto-proxying)
2023-05-25 18:15:28.453  INFO 23444 --- [main] trationDelegate$BeanPostProcessorChecker : Bean 'org.springframework.security.config.annotation.configuration.ObjectPostProcessorConfiguration' of type [org.springframework.security.config.annotation.configuration.ObjectPostProcessorConfiguration$$EnhancerBySpringCGLIB$$3d2a39fa] is not eligible for getting processed by all BeanPostProcessors (for example: not eligible for auto-proxying)
2023-05-25 18:15:28.461  INFO 23444 --- [main] trationDelegate$BeanPostProcessorChecker : Bean 'objectPostProcessor' of type [org.springframework.security.config.annotation.configuration.AutowireBeanFactoryObjectPostProcessor] is not eligible for getting processed by all BeanPostProcessors (for example: not eligible for auto-proxying)
2023-05-25 18:15:28.465  INFO 23444 --- [main] trationDelegate$BeanPostProcessorChecker : Bean 'org.springframework.security.access.expression.method.DefaultMethodSecurityExpressionHandler@7b477141' of type [org.springframework.security.access.expression.method.DefaultMethodSecurityExpressionHandler] is not eligible for getting processed by all BeanPostProcessors (for example: not eligible for auto-proxying)
2023-05-25 18:15:28.472  INFO 23444 --- [main] trationDelegate$BeanPostProcessorChecker : Bean 'org.springframework.security.config.annotation.method.configuration.GlobalMethodSecurityConfiguration' of type [org.springframework.security.config.annotation.method.configuration.GlobalMethodSecurityConfiguration$$EnhancerBySpringCGLIB$$61fedcac] is not eligible for getting processed by all BeanPostProcessors (for example: not eligible for auto-proxying)
2023-05-25 18:15:28.483  INFO 23444 --- [main] trationDelegate$BeanPostProcessorChecker : Bean 'methodSecurityMetadataSource' of type [org.springframework.security.access.method.DelegatingMethodSecurityMetadataSource] is not eligible for getting processed by all BeanPostProcessors (for example: not eligible for auto-proxying)
2023-05-25 18:15:31.122  INFO 23444 --- [main] o.s.s.concurrent.ThreadPoolTaskExecutor  : Initializing ExecutorService 'applicationTaskExecutor'
2023-05-25 18:15:33.529  INFO 23444 --- [main] o.s.s.web.DefaultSecurityFilterChain     : Creating filter chain: any request, [org.springframework.security.web.context.request.async.WebAsyncManagerIntegrationFilter@38cf4497, org.springframework.security.web.context.SecurityContextPersistenceFilter@4f8900b0, org.springframework.security.web.header.HeaderWriterFilter@47ffdbba, org.springframework.security.web.authentication.logout.LogoutFilter@3a8b9458, com.yrmjhtdjxh.punch.security.JwtAuthenticationTokenFilter@7b4619a3, org.springframework.security.web.savedrequest.RequestCacheAwareFilter@5d404a3c, org.springframework.security.web.servletapi.SecurityContextHolderAwareRequestFilter@283bb8b7, org.springframework.security.web.authentication.AnonymousAuthenticationFilter@9d3a7a1, org.springframework.security.web.session.SessionManagementFilter@6fe5da76, org.springframework.security.web.access.ExceptionTranslationFilter@67f8f5a6, org.springframework.security.web.access.intercept.FilterSecurityInterceptor@616f81b5]
2023-05-25 18:15:34.154  INFO 23444 --- [main] c.y.punch.service.StudentServiceTest     : Started StudentServiceTest in 7.632 seconds (JVM running for 8.58)
2023-05-25 18:15:39.808  INFO 23444 --- [main] com.alibaba.druid.pool.DruidDataSource   : {dataSource-1} inited
2023-05-25 18:15:39.877 DEBUG 23444 --- [main] c.y.p.m.StudentMapper.findStudentByID    : ==>  Preparing: SELECT student_role.user_role as userRole,id, studentID, password, name, sex, grade, photo, avatar, createTime, isPunch FROM students INNER JOIN student_role ON student_role.user_id = students.studentID WHERE studentID = ? 
2023-05-25 18:15:39.979 DEBUG 23444 --- [main] c.y.p.m.StudentMapper.findStudentByID    : ==> Parameters: 202131090241(Long)
2023-05-25 18:15:40.066 DEBUG 23444 --- [main] c.y.p.m.StudentMapper.findStudentByID    : <==      Total: 0
2023-05-25 18:15:40.130 DEBUG 23444 --- [main] c.y.punch.mapper.StudentMapper.insert    : ==>  Preparing: INSERT INTO students(id, studentID, password, name, sex, grade, photo, avatar, createTime, isPunch) VALUES (?, ?, ?, ?, ?, ?, ?, ?, ?, ?) 
2023-05-25 18:15:40.136 DEBUG 23444 --- [main] c.y.punch.mapper.StudentMapper.insert    : ==> Parameters: 0(Integer), 202131090241(Long), $2a$10$WNvr7djMIVHQYyTjfgoe.uaEszH3V9r0ff1If/oGHm3VFZmtZhE5q(String), 巩瀚林(String), 1(Integer), 2021(Integer), null, https://tenapi.cn/qqimg?qq=1662648150(String), 2023-05-25 18:15:40.069(Timestamp), false(Boolean)
2023-05-25 18:15:40.249 DEBUG 23444 --- [main] c.y.punch.mapper.StudentMapper.insert    : <==    Updates: 1
2023-05-25 18:15:40.251 DEBUG 23444 --- [main] c.y.p.mapper.StudentRoleMapper.insert    : ==>  Preparing: insert into student_role(user_id, user_role) values (?,?) 
2023-05-25 18:15:40.251 DEBUG 23444 --- [main] c.y.p.mapper.StudentRoleMapper.insert    : ==> Parameters: 202131090241(Long), 3(Integer)
2023-05-25 18:15:40.359 DEBUG 23444 --- [main] c.y.p.mapper.StudentRoleMapper.insert    : <==    Updates: 1
2023-05-25 18:15:40.518  INFO 23444 --- [Thread-3] o.s.s.concurrent.ThreadPoolTaskExecutor  : Shutting down ExecutorService 'applicationTaskExecutor'
2023-05-25 18:15:40.529  INFO 23444 --- [Thread-3] com.alibaba.druid.pool.DruidDataSource   : {dataSource-1} closed
